<?xml version="1.0" encoding="UTF-8"?>
<!-- Generated by org.testng.reporters.JUnitReportReporter -->
<testsuite hostname="Khalids-MacBook-Pro.local" failures="0" tests="17" name="com.browserstack.examples.tests.RunWebDriverCucumberTests" time="592.022" errors="0" timestamp="2021-11-18T19:24:45 IST" skipped="0">
  <testcase classname="com.browserstack.examples.tests.RunWebDriverCucumberTests" name="feature" time="21.637"/>
  <system-out/>
  <testcase classname="com.browserstack.examples.tests.RunWebDriverCucumberTests" name="feature" time="44.731"/>
  <system-out/>
  <testcase classname="com.browserstack.examples.tests.RunWebDriverCucumberTests" name="feature" time="39.498"/>
  <system-out/>
  <testcase classname="com.browserstack.examples.tests.RunWebDriverCucumberTests" name="feature" time="35.104"/>
  <system-out/>
  <testcase classname="com.browserstack.examples.tests.RunWebDriverCucumberTests" name="feature" time="27.185"/>
  <system-out/>
  <testcase classname="com.browserstack.examples.tests.RunWebDriverCucumberTests" name="feature" time="43.374"/>
  <system-out/>
  <testcase classname="com.browserstack.examples.tests.RunWebDriverCucumberTests" name="feature" time="44.662"/>
  <system-out/>
  <testcase classname="com.browserstack.examples.tests.RunWebDriverCucumberTests" name="feature" time="43.898"/>
  <system-out/>
  <testcase classname="com.browserstack.examples.tests.RunWebDriverCucumberTests" name="feature" time="40.162"/>
  <system-out/>
  <testcase classname="com.browserstack.examples.tests.RunWebDriverCucumberTests" name="feature" time="40.810"/>
  <system-out/>
  <testcase classname="com.browserstack.examples.tests.RunWebDriverCucumberTests" name="feature" time="15.214"/>
  <system-out/>
  <testcase classname="com.browserstack.examples.tests.RunWebDriverCucumberTests" name="feature" time="51.222"/>
  <system-out/>
  <testcase classname="com.browserstack.examples.tests.RunWebDriverCucumberTests" name="feature" time="24.660"/>
  <system-out/>
  <testcase classname="com.browserstack.examples.tests.RunWebDriverCucumberTests" name="feature" time="24.447"/>
  <system-out/>
  <testcase classname="com.browserstack.examples.tests.RunWebDriverCucumberTests" name="feature" time="33.406"/>
  <system-out/>
  <testcase classname="com.browserstack.examples.tests.RunWebDriverCucumberTests" name="feature" time="31.850"/>
  <system-out/>
  <testcase classname="com.browserstack.examples.tests.RunWebDriverCucumberTests" name="feature" time="30.162"/>
  <system-out/>
</testsuite> <!-- com.browserstack.examples.tests.RunWebDriverCucumberTests -->
